<?xml version="1.0" encoding="UTF-8"?>
<!-- Generated by org.testng.reporters.JUnitReportReporter -->
<testsuite skipped="0" hostname="LAPTOP-54RIUS0E" name="com.qa.hubspot.base.BasePage" tests="1" failures="0" timestamp="12 Sep 2020 07:35:25 GMT" time="0.017" errors="0">
  <testcase name="test" time="0.017" classname="com.qa.hubspot.base.BasePage"/>
</testsuite> <!-- com.qa.hubspot.base.BasePage -->
